12.12.2018 12:48:00	Этот журнал содержит сведения об операции импорта схемы в проект "lab4" на компьютере "DESKTOP-9C01EOF", выполненной пользователем "Keenshi".
12.12.2018 12:48:00	Импорт схемы базы данных начат.
12.12.2018 12:48:07	Идет сбор параметров базы данных
12.12.2018 12:48:07	Идет сбор пользователей
12.12.2018 12:48:07	Идет сбор ролей
12.12.2018 12:48:07	Идет сбор ролей приложений
12.12.2018 12:48:07	Идет сбор членств ролей
12.12.2018 12:48:07	Идет сбор файловых групп
12.12.2018 12:48:07	Идет сбор полнотекстовых каталогов
12.12.2018 12:48:07	Идет сбор сборок
12.12.2018 12:48:07	Идет сбор сертификатов
12.12.2018 12:48:07	Идет сбор асимметричных ключей
12.12.2018 12:48:07	Идет сбор симметричных ключей
12.12.2018 12:48:07	Идет сбор зашифрованных симметричных ключей
12.12.2018 12:48:07	Идет сбор схем
12.12.2018 12:48:08	Идет сбор коллекции схем XML
12.12.2018 12:48:08	Идет сбор определяемых пользователем типов данных
12.12.2018 12:48:08	Идет сбор определяемых пользователем типов
12.12.2018 12:48:08	Идет сбор табличных типов
12.12.2018 12:48:08	Сбор уникальных ключей для табличных типов
12.12.2018 12:48:08	Идет сбор первичных ключей для табличных типов
12.12.2018 12:48:08	Сбор индексов для табличных типов
12.12.2018 12:48:08	Идет сбор проверочных ограничений для табличных типов
12.12.2018 12:48:08	Идет сбор ограничений по умолчанию для табличных типов
12.12.2018 12:48:08	Идет сбор функций секционирования
12.12.2018 12:48:08	Идет сбор схем секционирования
12.12.2018 12:48:08	Идет сбор функций
12.12.2018 12:48:08	Сбор зашифрованных функций
12.12.2018 12:48:08	Идет сбор статистических выражений
12.12.2018 12:48:08	Идет сбор процедур
12.12.2018 12:48:08	Сбор зашифрованных процедур
12.12.2018 12:48:08	Идет сбор таблиц
12.12.2018 12:48:08	Идет сбор первичных ключей
12.12.2018 12:48:08	Идет сбор ограничений уникальности
12.12.2018 12:48:08	Идет сбор внешних ключей
12.12.2018 12:48:08	Идет сбор ограничений по умолчанию
12.12.2018 12:48:08	Идет сбор проверочных ограничений
12.12.2018 12:48:08	Идет сбор представлений
12.12.2018 12:48:08	Сбор зашифрованных представлений
12.12.2018 12:48:08	Идет сбор индексов
12.12.2018 12:48:08	Идет сбор статистики
12.12.2018 12:48:08	Идет сбор списков стоп-слов полнотекстовых индексов
12.12.2018 12:48:08	Сбор списков свойств поиска
12.12.2018 12:48:08	Сбор свойств поиска
12.12.2018 12:48:08	Идет сбор полнотекстовых индексов
12.12.2018 12:48:08	Сбор индексов хранилища столбцов
12.12.2018 12:48:08	Идет сбор пространственных индексов
12.12.2018 12:48:08	Идет сбор XML-индексов
12.12.2018 12:48:08	Сбор селективных XML-индексов
12.12.2018 12:48:08	Сбор зашифрованных триггеров
12.12.2018 12:48:08	Идет сбор триггеров
12.12.2018 12:48:08	Идет сбор зашифрованных триггеров и триггеров ddl clr
12.12.2018 12:48:08	Идет сбор триггеров ddl
12.12.2018 12:48:08	Идет сбор синонимов
12.12.2018 12:48:08	Идет сбор значений по умолчанию
12.12.2018 12:48:08	Идет сбор привязок uddt ограничений данных
12.12.2018 12:48:08	Идет сбор правил
12.12.2018 12:48:08	Идет сбор привязок uddt ограничений данных
12.12.2018 12:48:08	Идет сбор типов сообщений
12.12.2018 12:48:08	Идет сбор списков ожидания
12.12.2018 12:48:08	Идет сбор контрактов
12.12.2018 12:48:08	Идет сбор служб
12.12.2018 12:48:08	Идет сбор уведомлений о событиях
12.12.2018 12:48:08	Идет сбор привязок удаленных служб
12.12.2018 12:48:08	Идет сбор приоритетов брокера
12.12.2018 12:48:08	Идет сбор подписей
12.12.2018 12:48:08	Идет сбор параметров сжатия данных
12.12.2018 12:48:08	Сбор типов последовательностей
12.12.2018 12:48:08	Идет сбор расширенных свойств
12.12.2018 12:48:09	Идет сбор учетных данных
12.12.2018 12:48:09	Идет сбор имен входа
12.12.2018 12:48:09	Идет сбор аудитов сервера
12.12.2018 12:48:09	Выполняется проверка проекта на наличие повторяющихся элементов
12.12.2018 12:48:09	Обработка повторяющегося элемента завершена
12.12.2018 12:48:10	Импорт базы данных завершен.
12.12.2018 12:48:10	summary операции импорта была сохранена по следующему пути: C:\Users\Keenshi\source\repos\lab4\lab4\Журналы импорта схем\lab4_20181212094800.log
12.12.2018 12:48:10	Для продолжения нажмите кнопку ''Готово''...
